<?xml version="1.0" encoding="UTF-8"?>
<!-- Generated by org.testng.reporters.JUnitReportReporter -->
<testsuite hostname="Admin" failures="0" tests="3" name="com.ii.qa.testcases.DeleteSupplierTest" time="7.528" errors="0" timestamp="22 Dec 2022 09:31:19 GMT" skipped="0">
  <testcase classname="com.ii.qa.testcases.DeleteSupplierTest" name="ClickHome" time="2.961"/>
  <testcase classname="com.ii.qa.testcases.DeleteSupplierTest" name="navigateSupplier" time="0.174"/>
  <testcase classname="com.ii.qa.testcases.DeleteSupplierTest" name="DeleteSupplier" time="4.393"/>
</testsuite> <!-- com.ii.qa.testcases.DeleteSupplierTest -->
