<?xml version="1.0" encoding="UTF-8"?>
<!-- Generated by org.testng.reporters.JUnitReportReporter -->
<testsuite hostname="DESKTOP-BFFJCC7" failures="0" tests="1" name="SupplierSupplier.DeleteSupplierSupplierTestCases" time="10.977" errors="0" timestamp="04 Jan 2023 08:00:26 GMT" skipped="0">
  <testcase classname="SupplierSupplier.DeleteSupplierSupplierTestCases" name="Delete" time="10.977"/>
</testsuite> <!-- SupplierSupplier.DeleteSupplierSupplierTestCases -->
