<?xml version="1.0" encoding="UTF-8"?>
<!-- Generated by org.testng.reporters.JUnitReportReporter -->
<testsuite hostname="DESKTOP-BFFJCC7" failures="0" tests="1" name="com.ii.qa.testcases.ButtonTC.Dropdown" time="30.941" errors="0" timestamp="07 Feb 2023 03:54:17 GMT" skipped="0">
  <testcase classname="com.ii.qa.testcases.ButtonTC.Dropdown" name="MaterialDropDown" time="30.941"/>
</testsuite> <!-- com.ii.qa.testcases.ButtonTC.Dropdown -->
