<?xml version="1.0" encoding="UTF-8"?>
<!-- Generated by org.testng.reporters.JUnitReportReporter -->
<testsuite hostname="DESKTOP-BFFJCC7" failures="0" tests="1" name="com.ii.qa.testcases.MaterialMainCategoryButtonTestCases" time="0.000" errors="0" timestamp="27 Jan 2023 03:17:56 GMT" skipped="1">
  <testcase classname="com.ii.qa.testcases.MaterialMainCategoryButtonTestCases" name="MMCPage" time="0.000">
    <skipped/>
  </testcase> <!-- MMCPage -->
</testsuite> <!-- com.ii.qa.testcases.MaterialMainCategoryButtonTestCases -->
