<?xml version="1.0" encoding="UTF-8"?>
<!-- Generated by org.testng.reporters.JUnitReportReporter -->
<testsuite hostname="DESKTOP-BFFJCC7" failures="0" tests="1" name="com.ii.qa.testcases.ButtonTC.TextTestCase" time="4.692" errors="0" timestamp="07 Feb 2023 11:24:39 GMT" skipped="0">
  <testcase classname="com.ii.qa.testcases.ButtonTC.TextTestCase" name="Text" time="4.692"/>
</testsuite> <!-- com.ii.qa.testcases.ButtonTC.TextTestCase -->
