<?xml version="1.0" encoding="UTF-8"?>
<!-- Generated by org.testng.reporters.JUnitReportReporter -->
<testsuite hostname="DESKTOP-BFFJCC7" failures="0" tests="1" name="com.ii.qa.testcases.Delivery.DeliveryDeleteTestCases" time="10.627" errors="0" timestamp="21 Dec 2022 05:12:01 GMT" skipped="0">
  <testcase classname="com.ii.qa.testcases.Delivery.DeliveryDeleteTestCases" name="Deletepg" time="10.627"/>
</testsuite> <!-- com.ii.qa.testcases.Delivery.DeliveryDeleteTestCases -->
