<?xml version="1.0" encoding="UTF-8"?>
<!-- Generated by org.testng.reporters.JUnitReportReporter -->
<testsuite hostname="DESKTOP-BFFJCC7" failures="0" tests="1" name="com.ii.qa.testcases.Delivery.EquipmentTestCases.DeleteEuipmentTestCases" time="10.962" errors="0" timestamp="03 Jan 2023 10:11:33 GMT" skipped="0">
  <testcase classname="com.ii.qa.testcases.Delivery.EquipmentTestCases.DeleteEuipmentTestCases" name="Delete" time="10.962"/>
</testsuite> <!-- com.ii.qa.testcases.Delivery.EquipmentTestCases.DeleteEuipmentTestCases -->
