<?xml version="1.0" encoding="UTF-8"?>
<!-- Generated by org.testng.reporters.JUnitReportReporter -->
<testsuite hostname="DESKTOP-BFFJCC7" failures="0" tests="1" name="com.ii.qa.testcases.MaterialMainCategoryButtonTestCases" time="18.020" errors="0" timestamp="27 Jan 2023 11:52:56 GMT" skipped="0">
  <testcase classname="com.ii.qa.testcases.MaterialMainCategoryButtonTestCases" name="MMCPage" time="18.020"/>
</testsuite> <!-- com.ii.qa.testcases.MaterialMainCategoryButtonTestCases -->
