<?xml version="1.0" encoding="UTF-8"?>
<!-- Generated by org.testng.reporters.JUnitReportReporter -->
<testsuite hostname="DESKTOP-BFFJCC7" failures="0" tests="1" name="com.ii.qa.testcases.Delivery.DeliveryEditTestCases" time="25.265" errors="0" timestamp="21 Dec 2022 09:34:18 GMT" skipped="0">
  <testcase classname="com.ii.qa.testcases.Delivery.DeliveryEditTestCases" name="EditDelivery" time="25.265"/>
</testsuite> <!-- com.ii.qa.testcases.Delivery.DeliveryEditTestCases -->
