<?xml version="1.0" encoding="UTF-8"?>
<!-- Generated by org.testng.reporters.JUnitReportReporter -->
<testsuite hostname="DESKTOP-BFFJCC7" failures="0" tests="1" name="com.ii.qa.testcases.SbuTest" time="16.446" errors="0" timestamp="15 Dec 2022 09:11:11 GMT" skipped="0">
  <testcase classname="com.ii.qa.testcases.SbuTest" name="AddSub" time="16.446"/>
</testsuite> <!-- com.ii.qa.testcases.SbuTest -->
