<?xml version="1.0" encoding="UTF-8"?>
<!-- Generated by org.testng.reporters.JUnitReportReporter -->
<testsuite hostname="DESKTOP-BFFJCC7" failures="0" tests="2" name="com.ii.qa.testcases.SbuTest" time="11.490" errors="0" timestamp="20 Dec 2022 05:24:11 GMT" skipped="0">
  <testcase classname="com.ii.qa.testcases.SbuTest" name="AddSub" time="8.738"/>
  <testcase classname="com.ii.qa.testcases.SbuTest" name="SubDelete" time="2.752"/>
</testsuite> <!-- com.ii.qa.testcases.SbuTest -->
