<?xml version="1.0" encoding="UTF-8"?>
<!-- Generated by org.testng.reporters.JUnitReportReporter -->
<testsuite hostname="Admin" failures="0" tests="3" name="com.ii.qa.testcases.SupplierTest" time="7.465" errors="0" timestamp="21 Dec 2022 06:58:37 GMT" skipped="0">
  <testcase classname="com.ii.qa.testcases.SupplierTest" name="ClickHome" time="2.567"/>
  <testcase classname="com.ii.qa.testcases.SupplierTest" name="navigateSupplier" time="0.122"/>
  <testcase classname="com.ii.qa.testcases.SupplierTest" name="supplier" time="4.776"/>
</testsuite> <!-- com.ii.qa.testcases.SupplierTest -->
