<?xml version="1.0" encoding="UTF-8"?>
<!-- Generated by org.testng.reporters.JUnitReportReporter -->
<testsuite hostname="DESKTOP-BFFJCC7" failures="0" tests="1" name="SupplierSupplier.EditSupplierSupplierTestCases" time="17.341" errors="0" timestamp="04 Jan 2023 09:22:29 GMT" skipped="0">
  <testcase classname="SupplierSupplier.EditSupplierSupplierTestCases" name="EditSupplier" time="17.341"/>
</testsuite> <!-- SupplierSupplier.EditSupplierSupplierTestCases -->
