<?xml version="1.0" encoding="UTF-8"?>
<!-- Generated by org.testng.reporters.JUnitReportReporter -->
<testsuite hostname="DESKTOP-BFFJCC7" failures="0" tests="1" name="com.ii.qa.testcases.LoginTest" time="8.231" errors="0" timestamp="08 Feb 2023 03:21:10 GMT" skipped="0">
  <testcase classname="com.ii.qa.testcases.LoginTest" name="Login" time="8.231"/>
</testsuite> <!-- com.ii.qa.testcases.LoginTest -->
