<?xml version="1.0" encoding="UTF-8"?>
<!-- Generated by org.testng.reporters.JUnitReportReporter -->
<testsuite hostname="DESKTOP-BFFJCC7" failures="0" tests="1" name="SupplierSupplier.AddSupplierSupplierTestCases" time="16.821" errors="0" timestamp="04 Jan 2023 06:33:12 GMT" skipped="0">
  <testcase classname="SupplierSupplier.AddSupplierSupplierTestCases" name="AddSupplierpg" time="16.821"/>
</testsuite> <!-- SupplierSupplier.AddSupplierSupplierTestCases -->
